<?xml version="1.0" encoding="utf-8"?><testsuites name="pytest tests"><testsuite name="pytest" errors="0" failures="0" skipped="0" tests="4" time="5.933" timestamp="2026-03-26T18:47:13.170559-06:00" hostname="AdrianG"><testcase classname="tests.test_error_contracts_cross_module" name="test_err_io_003_emits_exact_prd_message_from_preprocessing_path" time="0.037" /><testcase classname="tests.test_error_contracts_cross_module" name="test_err_vram_001_emits_exact_prd_message_from_segmentation_oom_path" time="3.916" /><testcase classname="tests.test_error_contracts_cross_module" name="test_err_mask_002_emits_exact_prd_message_from_zero_valid_filter_path" time="0.027" /><testcase classname="tests.test_error_contracts_cross_module" name="test_err_metric_004_emits_exact_prd_message_from_zero_perimeter_metrics_path" time="0.022" /></testsuite></testsuites>