<?xml version="1.0" encoding="utf-8"?><testsuites name="pytest tests"><testsuite name="pytest" errors="0" failures="0" skipped="0" tests="7" time="4.046" timestamp="2026-03-26T18:21:49.098117-06:00" hostname="AdrianG"><testcase classname="tests.test_error_contracts_cross_module" name="test_err_io_003_emits_exact_prd_message_from_preprocessing_path" time="0.028" /><testcase classname="tests.test_error_contracts_cross_module" name="test_err_vram_001_emits_exact_prd_message_from_segmentation_oom_path" time="2.456" /><testcase classname="tests.test_error_contracts_cross_module" name="test_err_mask_002_emits_exact_prd_message_from_zero_valid_filter_path" time="0.026" /><testcase classname="tests.test_error_contracts_cross_module" name="test_err_metric_004_emits_exact_prd_message_from_zero_perimeter_metrics_path" time="0.020" /><testcase classname="tests.test_main_cli" name="test_main_cli_smoke_non_interactive_six_image_batch" time="0.386" /><testcase classname="tests.test_main_cli" name="test_main_cli_resilient_mode_continue_on_error_logs_err_events" time="0.031" /><testcase classname="tests.test_main_cli" name="test_main_cli_fail_fast_stops_after_first_error" time="0.011" /></testsuite></testsuites>